2025-11-12 11:36:32.785035: Generated article 'AI-Generated_Article_20251112_113632'
2025-11-12 13:18:08.137633: Generated article 'AI-Generated_Article_20251112_131808'
2025-11-12 13:27:00.214197: Generated article 'AI-Generated_Article_20251112_132700'
2025-11-12 13:32:21.967045: Generated HTML article 'The Benefits of Artificial Intelligence' at '/home/miki/AI/website/articles/the_benefits_of_artificial_intelligence_20251112_133221.html' and updated index.html
2025-11-13 13:53:57.442345: Generated HTML article 'The Future of AI in Everyday Life' at '/home/miki/AI/website/articles/the_future_of_ai_in_everyday_life_20251113_135357.html' and updated index.html
2025-11-15 07:41:58.484412: Generated HTML article 'The Ethics of Artificial Intelligence' at '/home/miki/AI/docs/articles/the_ethics_of_artificial_intelligence_20251115_074158.html' and updated index.html
2025-11-15 12:00:05.230760: Generated HTML article 'The Ethics of Artificial Intelligence' at '/home/miki/AI/docs/articles/the_ethics_of_artificial_intelligence_20251115_120005.html' and updated index.html
2025-11-16 12:00:01.798449: Generated HTML article 'The Ethics of Artificial Intelligence' at '/home/miki/AI/docs/articles/the_ethics_of_artificial_intelligence_20251116_120001.html' and updated index.html
2025-11-17 09:10:32.590454: Generated HTML article 'AI in Healthcare: A Revolution in Medicine' at '/home/miki/AI/docs/articles/ai_in_healthcare:_a_revolution_in_medicine_20251117_091032.html' and updated index.html
2025-11-17 12:00:03.664352: Generated HTML article 'The Ethics of Artificial Intelligence' at '/home/miki/AI/docs/articles/the_ethics_of_artificial_intelligence_20251117_120003.html' and updated index.html
2025-11-18 12:00:06.063217: Generated HTML article 'AI in Healthcare: A Revolution in Medicine' at '/home/miki/AI/docs/articles/ai_in_healthcare:_a_revolution_in_medicine_20251118_120006.html' and updated index.html
2025-11-19 12:00:01.191943: Generated HTML article 'AI in Healthcare: A Revolution in Medicine' at '/home/miki/AI/docs/articles/ai_in_healthcare:_a_revolution_in_medicine_20251119_120001.html' and updated index.html
2025-11-20 12:00:03.721670: Generated HTML article 'The Ethics of Artificial Intelligence' at '/home/miki/AI/docs/articles/the_ethics_of_artificial_intelligence_20251120_120003.html' and updated index.html
2025-11-21 12:00:02.778957: Generated HTML article 'The Ethics of Artificial Intelligence' at '/home/miki/AI/docs/articles/the_ethics_of_artificial_intelligence_20251121_120002.html' and updated index.html
2025-11-22 12:00:01.637611: Generated HTML article 'AI in Healthcare: A Revolution in Medicine' at '/home/miki/AI/docs/articles/ai_in_healthcare:_a_revolution_in_medicine_20251122_120001.html' and updated index.html
2025-11-23 12:00:03.549520: Generated HTML article 'The Ethics of Artificial Intelligence' at '/home/miki/AI/docs/articles/the_ethics_of_artificial_intelligence_20251123_120003.html' and updated index.html
2025-11-24 12:00:04.796217: Generated HTML article 'AI in Healthcare: A Revolution in Medicine' at '/home/miki/AI/docs/articles/ai_in_healthcare:_a_revolution_in_medicine_20251124_120004.html' and updated index.html
2025-11-25 12:00:01.546793: Generated HTML article 'The Ethics of Artificial Intelligence' at '/home/miki/AI/docs/articles/the_ethics_of_artificial_intelligence_20251125_120001.html' and updated index.html
2025-11-26 12:00:04.152966: Generated HTML article 'AI in Healthcare: A Revolution in Medicine' at '/home/miki/AI/docs/articles/ai_in_healthcare:_a_revolution_in_medicine_20251126_120004.html' and updated index.html
2025-11-27 12:00:04.017046: Generated HTML article 'The Ethics of Artificial Intelligence' at '/home/miki/AI/docs/articles/the_ethics_of_artificial_intelligence_20251127_120004.html' and updated index.html
2025-11-28 12:00:01.564490: Generated HTML article 'The Ethics of Artificial Intelligence' at '/home/miki/AI/docs/articles/the_ethics_of_artificial_intelligence_20251128_120001.html' and updated index.html
2025-11-29 12:00:03.760874: Generated HTML article 'AI in Healthcare: A Revolution in Medicine' at '/home/miki/AI/docs/articles/ai_in_healthcare:_a_revolution_in_medicine_20251129_120003.html' and updated index.html
